This file contains any messages produced by compilers while
running configure, to aid debugging if configure makes a mistake.

It was created by GNU FriBidi configure 0.19.2, which was
generated by GNU Autoconf 2.63.  Invocation command line was

  $ ./configure --target=arm-linux --host=i686-linux host_alias=i686-linux target_alias=arm-linux CC=arm-linux-gcc LD=arm-linux-ld --with-glib=no --enable-static --enable-shared --with-gnu-ld=yes NM=arm-linux-nm AR=arm-linux-ar AS=arm-linux-as RANLIB=arm-linux-ranlib LINK=arm-linux-gcc --prefix=/home/robertluo/20101004/mplayer/branches/dev_r813_20101228_1100.newTS/libfribidi-0.19.2/pre_install

## --------- ##
## Platform. ##
## --------- ##

hostname = r3lnx02
uname -m = x86_64
uname -r = 2.6.31-20-generic
uname -s = Linux
uname -v = #58-Ubuntu SMP Fri Mar 12 04:38:19 UTC 2010

/usr/bin/uname -p = unknown
/bin/uname -X     = unknown

/bin/arch              = unknown
/usr/bin/arch -k       = unknown
/usr/convex/getsysinfo = unknown
/usr/bin/hostinfo      = unknown
/bin/machine           = unknown
/usr/bin/oslevel       = unknown
/bin/universe          = unknown

PATH: /usr/local/arm/4.3.2/bin
PATH: /usr/local/arm/4.3.2/bin
PATH: /usr/local/sbin
PATH: /usr/local/bin
PATH: /usr/sbin
PATH: /usr/bin
PATH: /sbin
PATH: /bin
PATH: /usr/games
PATH: /home/robertluo/bin
PATH: /home/robertluo/bin
PATH: /home/robertluo/20101004/skydroid2.2.20101011/out/host/linux-x86/bin
PATH: /home/robertluo/20101004/skydroid2.2.20101011/prebuilt/linux-x86/toolchain/arm-eabi-4.4.0/bin
PATH: /home/robertluo/20101004/skydroid2.2.20101011/development/emulator/qtools
PATH: /home/robertluo/20101004/skydroid2.2.20101011/prebuilt/linux-x86/toolchain/arm-eabi-4.4.0/bin
PATH: /home/robertluo/20101004/skydroid2.2.20101011/prebuilt/linux-x86/toolchain/arm-eabi-4.4.0/bin


## ----------- ##
## Core tests. ##
## ----------- ##

configure:2116: checking for a BSD-compatible install
configure:2184: result: /usr/bin/install -c
configure:2195: checking whether build environment is sane
configure:2238: result: yes
configure:2263: checking for a thread-safe mkdir -p
configure:2302: result: /bin/mkdir -p
configure:2315: checking for gawk
configure:2345: result: no
configure:2315: checking for mawk
configure:2331: found /usr/bin/mawk
configure:2342: result: mawk
configure:2353: checking whether make sets $(MAKE)
configure:2375: result: yes
configure:2455: checking for i686-linux-strip
configure:2485: result: no
configure:2495: checking for strip
configure:2511: found /usr/bin/strip
configure:2522: result: strip
configure:2592: checking for i686-linux-gcc
configure:2619: result: arm-linux-gcc
configure:2891: checking for C compiler version
configure:2899: arm-linux-gcc --version >&5
arm-linux-gcc (wschen@skymedi.com.tw) 4.3.2
Copyright (C) 2008 Free Software Foundation, Inc.
This is free software; see the source for copying conditions.  There is NO
warranty; not even for MERCHANTABILITY or FITNESS FOR A PARTICULAR PURPOSE.

configure:2903: $? = 0
configure:2910: arm-linux-gcc -v >&5
Using built-in specs.
Target: arm-linux
Configured with: /home/wschen/test/crosstool-ng-1.3.1/targets/src/gcc-4.3.2/configure --build=i586-build_suse-linux-gnu --host=i586-build_suse-linux-gnu --target=arm-linux --prefix=/usr/local/arm/4.3.2 --with-sysroot=/usr/local/arm/4.3.2/arm-linux/sys-root --enable-languages=c,c++ --disable-multilib --with-arch=armv5te --with-cpu=arm926ej-s --with-float=soft --with-gmp=/usr/local/arm/4.3.2 --with-mpfr=/usr/local/arm/4.3.2 --with-pkgversion=wschen@skymedi.com.tw --enable-__cxa_atexit --with-local-prefix=/usr/local/arm/4.3.2/arm-linux/sys-root --disable-nls --enable-threads=posix --enable-symvers=gnu --enable-c99 --enable-long-long --enable-target-optspace
Thread model: posix
gcc version 4.3.2 (wschen@skymedi.com.tw) 
configure:2914: $? = 0
configure:2921: arm-linux-gcc -V >&5
arm-linux-gcc: '-V' option must have argument
configure:2925: $? = 1
configure:2948: checking for C compiler default output file name
configure:2970: arm-linux-gcc    conftest.c  >&5
configure:2974: $? = 0
configure:3012: result: a.out
configure:3031: checking whether the C compiler works
configure:3041: ./a.out
./configure: line 3043: ./a.out: cannot execute binary file
configure:3045: $? = 126
configure:3064: result: yes
configure:3071: checking whether we are cross compiling
configure:3073: result: yes
configure:3076: checking for suffix of executables
configure:3083: arm-linux-gcc -o conftest    conftest.c  >&5
configure:3087: $? = 0
configure:3113: result: 
configure:3119: checking for suffix of object files
configure:3145: arm-linux-gcc -c   conftest.c >&5
configure:3149: $? = 0
configure:3174: result: o
configure:3178: checking whether we are using the GNU C compiler
configure:3207: arm-linux-gcc -c   conftest.c >&5
configure:3214: $? = 0
configure:3231: result: yes
configure:3240: checking whether arm-linux-gcc accepts -g
configure:3270: arm-linux-gcc -c -g  conftest.c >&5
configure:3277: $? = 0
configure:3378: result: yes
configure:3395: checking for arm-linux-gcc option to accept ISO C89
configure:3469: arm-linux-gcc  -c -g -O2  conftest.c >&5
configure:3476: $? = 0
configure:3499: result: none needed
configure:3528: checking for style of include used by make
configure:3556: result: GNU
configure:3581: checking dependency style of arm-linux-gcc
configure:3672: result: gcc3
configure:3701: checking for a BSD-compatible install
configure:3769: result: /usr/bin/install -c
configure:3786: checking build system type
configure:3804: result: x86_64-unknown-linux-gnu
configure:3826: checking host system type
configure:3841: result: i686-pc-linux-gnu
configure:4191: checking for a sed that does not truncate output
configure:4257: result: /bin/sed
configure:4275: checking for grep that handles long lines and -e
configure:4335: result: /bin/grep
configure:4340: checking for egrep
configure:4404: result: /bin/grep -E
configure:4409: checking for fgrep
configure:4473: result: /bin/grep -F
configure:4508: checking for ld used by arm-linux-gcc
configure:4575: result: arm-linux-ld
configure:4584: checking if the linker (arm-linux-ld) is GNU ld
configure:4599: result: yes
configure:4611: checking for BSD- or MS-compatible name lister (nm)
configure:4660: result: arm-linux-nm
configure:4778: checking the name lister (arm-linux-nm) interface
configure:4785: arm-linux-gcc -c -g -O2  conftest.c >&5
configure:4788: arm-linux-nm "conftest.o"
configure:4791: output
00000000 B some_variable
configure:4798: result: BSD nm
configure:4801: checking whether ln -s works
configure:4805: result: yes
configure:4813: checking the maximum length of command line arguments
configure:4933: result: 1572864
configure:4950: checking whether the shell understands some XSI constructs
configure:4960: result: yes
configure:4964: checking whether the shell understands "+="
configure:4970: result: yes
configure:5005: checking for arm-linux-ld option to reload object files
configure:5012: result: -r
configure:5041: checking for i686-linux-objdump
configure:5068: result: objdump
configure:5137: checking how to recognize dependent libraries
configure:5333: result: pass_all
configure:5353: checking for i686-linux-ar
configure:5380: result: arm-linux-ar
configure:5458: checking for i686-linux-strip
configure:5485: result: strip
configure:5557: checking for i686-linux-ranlib
configure:5584: result: arm-linux-ranlib
configure:5714: checking command to parse arm-linux-nm output from arm-linux-gcc object
configure:5832: arm-linux-gcc -c -g -O2  conftest.c >&5
configure:5835: $? = 0
configure:5839: arm-linux-nm conftest.o \| sed -n -e 's/^.*[	 ]\([ABCDGIRSTW][ABCDGIRSTW]*\)[	 ][	 ]*\([_A-Za-z][_A-Za-z0-9]*\)$/\1 \2 \2/p' \> conftest.nm
configure:5842: $? = 0
configure:5896: arm-linux-gcc -o conftest -g -O2   conftest.c conftstm.o >&5
configure:5899: $? = 0
configure:5937: result: ok
configure:6804: checking how to run the C preprocessor
configure:6844: arm-linux-gcc -E  conftest.c
configure:6851: $? = 0
configure:6882: arm-linux-gcc -E  conftest.c
conftest.c:10:28: error: ac_nonexistent.h: No such file or directory
configure:6889: $? = 1
configure: failed program was:
| /* confdefs.h.  */
| #define PACKAGE_NAME "GNU FriBidi"
| #define PACKAGE_TARNAME "fribidi"
| #define PACKAGE_VERSION "0.19.2"
| #define PACKAGE_STRING "GNU FriBidi 0.19.2"
| #define PACKAGE_BUGREPORT "http://fribidi.org/bug"
| #define PACKAGE "fribidi"
| #define VERSION "0.19.2"
| /* end confdefs.h.  */
| #include <ac_nonexistent.h>
configure:6922: result: arm-linux-gcc -E
configure:6951: arm-linux-gcc -E  conftest.c
configure:6958: $? = 0
configure:6989: arm-linux-gcc -E  conftest.c
conftest.c:10:28: error: ac_nonexistent.h: No such file or directory
configure:6996: $? = 1
configure: failed program was:
| /* confdefs.h.  */
| #define PACKAGE_NAME "GNU FriBidi"
| #define PACKAGE_TARNAME "fribidi"
| #define PACKAGE_VERSION "0.19.2"
| #define PACKAGE_STRING "GNU FriBidi 0.19.2"
| #define PACKAGE_BUGREPORT "http://fribidi.org/bug"
| #define PACKAGE "fribidi"
| #define VERSION "0.19.2"
| /* end confdefs.h.  */
| #include <ac_nonexistent.h>
configure:7036: checking for ANSI C header files
configure:7066: arm-linux-gcc -c -g -O2  conftest.c >&5
configure:7073: $? = 0
configure:7204: result: yes
configure:7228: checking for sys/types.h
configure:7249: arm-linux-gcc -c -g -O2  conftest.c >&5
configure:7256: $? = 0
configure:7273: result: yes
configure:7228: checking for sys/stat.h
configure:7249: arm-linux-gcc -c -g -O2  conftest.c >&5
configure:7256: $? = 0
configure:7273: result: yes
configure:7228: checking for stdlib.h
configure:7249: arm-linux-gcc -c -g -O2  conftest.c >&5
configure:7256: $? = 0
configure:7273: result: yes
configure:7228: checking for string.h
configure:7249: arm-linux-gcc -c -g -O2  conftest.c >&5
configure:7256: $? = 0
configure:7273: result: yes
configure:7228: checking for memory.h
configure:7249: arm-linux-gcc -c -g -O2  conftest.c >&5
configure:7256: $? = 0
configure:7273: result: yes
configure:7228: checking for strings.h
configure:7249: arm-linux-gcc -c -g -O2  conftest.c >&5
configure:7256: $? = 0
configure:7273: result: yes
configure:7228: checking for inttypes.h
configure:7249: arm-linux-gcc -c -g -O2  conftest.c >&5
configure:7256: $? = 0
configure:7273: result: yes
configure:7228: checking for stdint.h
configure:7249: arm-linux-gcc -c -g -O2  conftest.c >&5
configure:7256: $? = 0
configure:7273: result: yes
configure:7228: checking for unistd.h
configure:7249: arm-linux-gcc -c -g -O2  conftest.c >&5
configure:7256: $? = 0
configure:7273: result: yes
configure:7291: checking for dlfcn.h
configure:7312: arm-linux-gcc -c -g -O2  conftest.c >&5
configure:7319: $? = 0
configure:7336: result: yes
configure:7520: checking for objdir
configure:7535: result: .libs
configure:7827: checking if arm-linux-gcc supports -fno-rtti -fno-exceptions
configure:7845: arm-linux-gcc -c -g -O2  -fno-rtti -fno-exceptions conftest.c >&5
cc1: warning: command line option "-fno-rtti" is valid for C++/ObjC++ but not for C
configure:7849: $? = 0
configure:7862: result: no
configure:7882: checking for arm-linux-gcc option to produce PIC
configure:8154: result: -fPIC -DPIC
configure:8166: checking if arm-linux-gcc PIC flag -fPIC -DPIC works
configure:8184: arm-linux-gcc -c -g -O2  -fPIC -DPIC -DPIC conftest.c >&5
configure:8188: $? = 0
configure:8201: result: yes
configure:8225: checking if arm-linux-gcc static flag -static works
configure:8253: result: yes
configure:8268: checking if arm-linux-gcc supports -c -o file.o
configure:8289: arm-linux-gcc -c -g -O2  -o out/conftest2.o conftest.c >&5
configure:8293: $? = 0
configure:8315: result: yes
configure:8323: checking if arm-linux-gcc supports -c -o file.o
configure:8370: result: yes
configure:8403: checking whether the arm-linux-gcc linker (arm-linux-ld) supports shared libraries
configure:9477: result: yes
configure:9514: checking whether -lc should be explicitly linked in
configure:9519: arm-linux-gcc -c -g -O2  conftest.c >&5
configure:9522: $? = 0
configure:9537: arm-linux-gcc -shared conftest.o  -v -Wl,-soname -Wl,conftest -o conftest 2\>\&1 \| /bin/grep  -lc  \>/dev/null 2\>\&1
configure:9540: $? = 0
configure:9552: result: no
configure:9716: checking dynamic linker characteristics
configure:10159: arm-linux-gcc -o conftest -g -O2   -Wl,-rpath -Wl,/foo conftest.c  >&5
configure:10166: $? = 0
configure:10402: result: GNU/Linux ld.so
configure:10504: checking how to hardcode library paths into programs
configure:10529: result: immediate
configure:11362: checking whether stripping libraries is possible
configure:11367: result: yes
configure:11402: checking if libtool supports shared libraries
configure:11404: result: yes
configure:11407: checking whether to build shared libraries
configure:11428: result: yes
configure:11431: checking whether to build static libraries
configure:11435: result: yes
configure:11470: checking for native Win32
configure:11476: result: no
configure:11486: checking for some Win32 platform
configure:11492: result: no
configure:11505: checking for ANSI C header files
configure:11673: result: yes
configure:11694: checking for stdlib.h
configure:11701: result: yes
configure:11694: checking for string.h
configure:11701: result: yes
configure:11694: checking for strings.h
configure:11701: result: yes
configure:11694: checking for inttypes.h
configure:11701: result: yes
configure:11705: checking wchar.h usability
configure:11722: arm-linux-gcc -c -g -O2  conftest.c >&5
configure:11729: $? = 0
configure:11743: result: yes
configure:11747: checking wchar.h presence
configure:11762: arm-linux-gcc -E  conftest.c
configure:11769: $? = 0
configure:11783: result: yes
configure:11816: checking for wchar.h
configure:11825: result: yes
configure:11705: checking asm/page.h usability
configure:11722: arm-linux-gcc -c -g -O2  conftest.c >&5
conftest.c:61:22: error: asm/page.h: No such file or directory
configure:11729: $? = 1
configure: failed program was:
| /* confdefs.h.  */
| #define PACKAGE_NAME "GNU FriBidi"
| #define PACKAGE_TARNAME "fribidi"
| #define PACKAGE_VERSION "0.19.2"
| #define PACKAGE_STRING "GNU FriBidi 0.19.2"
| #define PACKAGE_BUGREPORT "http://fribidi.org/bug"
| #define PACKAGE "fribidi"
| #define VERSION "0.19.2"
| #define STDC_HEADERS 1
| #define HAVE_SYS_TYPES_H 1
| #define HAVE_SYS_STAT_H 1
| #define HAVE_STDLIB_H 1
| #define HAVE_STRING_H 1
| #define HAVE_MEMORY_H 1
| #define HAVE_STRINGS_H 1
| #define HAVE_INTTYPES_H 1
| #define HAVE_STDINT_H 1
| #define HAVE_UNISTD_H 1
| #define HAVE_DLFCN_H 1
| #define LT_OBJDIR ".libs/"
| #define STDC_HEADERS 1
| #define HAVE_STDLIB_H 1
| #define HAVE_STRING_H 1
| #define HAVE_STRINGS_H 1
| #define HAVE_INTTYPES_H 1
| #define HAVE_WCHAR_H 1
| /* end confdefs.h.  */
| #include <stdio.h>
| #ifdef HAVE_SYS_TYPES_H
| # include <sys/types.h>
| #endif
| #ifdef HAVE_SYS_STAT_H
| # include <sys/stat.h>
| #endif
| #ifdef STDC_HEADERS
| # include <stdlib.h>
| # include <stddef.h>
| #else
| # ifdef HAVE_STDLIB_H
| #  include <stdlib.h>
| # endif
| #endif
| #ifdef HAVE_STRING_H
| # if !defined STDC_HEADERS && defined HAVE_MEMORY_H
| #  include <memory.h>
| # endif
| # include <string.h>
| #endif
| #ifdef HAVE_STRINGS_H
| # include <strings.h>
| #endif
| #ifdef HAVE_INTTYPES_H
| # include <inttypes.h>
| #endif
| #ifdef HAVE_STDINT_H
| # include <stdint.h>
| #endif
| #ifdef HAVE_UNISTD_H
| # include <unistd.h>
| #endif
| #include <asm/page.h>
configure:11743: result: no
configure:11747: checking asm/page.h presence
configure:11762: arm-linux-gcc -E  conftest.c
conftest.c:28:22: error: asm/page.h: No such file or directory
configure:11769: $? = 1
configure: failed program was:
| /* confdefs.h.  */
| #define PACKAGE_NAME "GNU FriBidi"
| #define PACKAGE_TARNAME "fribidi"
| #define PACKAGE_VERSION "0.19.2"
| #define PACKAGE_STRING "GNU FriBidi 0.19.2"
| #define PACKAGE_BUGREPORT "http://fribidi.org/bug"
| #define PACKAGE "fribidi"
| #define VERSION "0.19.2"
| #define STDC_HEADERS 1
| #define HAVE_SYS_TYPES_H 1
| #define HAVE_SYS_STAT_H 1
| #define HAVE_STDLIB_H 1
| #define HAVE_STRING_H 1
| #define HAVE_MEMORY_H 1
| #define HAVE_STRINGS_H 1
| #define HAVE_INTTYPES_H 1
| #define HAVE_STDINT_H 1
| #define HAVE_UNISTD_H 1
| #define HAVE_DLFCN_H 1
| #define LT_OBJDIR ".libs/"
| #define STDC_HEADERS 1
| #define HAVE_STDLIB_H 1
| #define HAVE_STRING_H 1
| #define HAVE_STRINGS_H 1
| #define HAVE_INTTYPES_H 1
| #define HAVE_WCHAR_H 1
| /* end confdefs.h.  */
| #include <asm/page.h>
configure:11783: result: no
configure:11816: checking for asm/page.h
configure:11825: result: no
configure:11705: checking sys/times.h usability
configure:11722: arm-linux-gcc -c -g -O2  conftest.c >&5
configure:11729: $? = 0
configure:11743: result: yes
configure:11747: checking sys/times.h presence
configure:11762: arm-linux-gcc -E  conftest.c
configure:11769: $? = 0
configure:11783: result: yes
configure:11816: checking for sys/times.h
configure:11825: result: yes
configure:11842: checking for an ANSI C-conforming const
configure:11917: arm-linux-gcc -c -g -O2  conftest.c >&5
configure:11924: $? = 0
configure:11939: result: yes
configure:11949: checking for preprocessor stringizing operator
configure:11973: result: yes
configure:11987: checking size of int
configure:12017: arm-linux-gcc -c -g -O2  conftest.c >&5
configure:12024: $? = 0
configure:12054: arm-linux-gcc -c -g -O2  conftest.c >&5
conftest.c: In function 'main':
conftest.c:66: error: size of array 'test_array' is negative
configure:12061: $? = 1
configure: failed program was:
| /* confdefs.h.  */
| #define PACKAGE_NAME "GNU FriBidi"
| #define PACKAGE_TARNAME "fribidi"
| #define PACKAGE_VERSION "0.19.2"
| #define PACKAGE_STRING "GNU FriBidi 0.19.2"
| #define PACKAGE_BUGREPORT "http://fribidi.org/bug"
| #define PACKAGE "fribidi"
| #define VERSION "0.19.2"
| #define STDC_HEADERS 1
| #define HAVE_SYS_TYPES_H 1
| #define HAVE_SYS_STAT_H 1
| #define HAVE_STDLIB_H 1
| #define HAVE_STRING_H 1
| #define HAVE_MEMORY_H 1
| #define HAVE_STRINGS_H 1
| #define HAVE_INTTYPES_H 1
| #define HAVE_STDINT_H 1
| #define HAVE_UNISTD_H 1
| #define HAVE_DLFCN_H 1
| #define LT_OBJDIR ".libs/"
| #define STDC_HEADERS 1
| #define HAVE_STDLIB_H 1
| #define HAVE_STRING_H 1
| #define HAVE_STRINGS_H 1
| #define HAVE_INTTYPES_H 1
| #define HAVE_WCHAR_H 1
| #define HAVE_SYS_TIMES_H 1
| #define HAVE_STRINGIZE 1
| /* end confdefs.h.  */
| #include <stdio.h>
| #ifdef HAVE_SYS_TYPES_H
| # include <sys/types.h>
| #endif
| #ifdef HAVE_SYS_STAT_H
| # include <sys/stat.h>
| #endif
| #ifdef STDC_HEADERS
| # include <stdlib.h>
| # include <stddef.h>
| #else
| # ifdef HAVE_STDLIB_H
| #  include <stdlib.h>
| # endif
| #endif
| #ifdef HAVE_STRING_H
| # if !defined STDC_HEADERS && defined HAVE_MEMORY_H
| #  include <memory.h>
| # endif
| # include <string.h>
| #endif
| #ifdef HAVE_STRINGS_H
| # include <strings.h>
| #endif
| #ifdef HAVE_INTTYPES_H
| # include <inttypes.h>
| #endif
| #ifdef HAVE_STDINT_H
| # include <stdint.h>
| #endif
| #ifdef HAVE_UNISTD_H
| # include <unistd.h>
| #endif
| int
| main ()
| {
| static int test_array [1 - 2 * !(((long int) (sizeof (int))) <= 0)];
| test_array [0] = 0
| 
|   ;
|   return 0;
| }
configure:12054: arm-linux-gcc -c -g -O2  conftest.c >&5
conftest.c: In function 'main':
conftest.c:66: error: size of array 'test_array' is negative
configure:12061: $? = 1
configure: failed program was:
| /* confdefs.h.  */
| #define PACKAGE_NAME "GNU FriBidi"
| #define PACKAGE_TARNAME "fribidi"
| #define PACKAGE_VERSION "0.19.2"
| #define PACKAGE_STRING "GNU FriBidi 0.19.2"
| #define PACKAGE_BUGREPORT "http://fribidi.org/bug"
| #define PACKAGE "fribidi"
| #define VERSION "0.19.2"
| #define STDC_HEADERS 1
| #define HAVE_SYS_TYPES_H 1
| #define HAVE_SYS_STAT_H 1
| #define HAVE_STDLIB_H 1
| #define HAVE_STRING_H 1
| #define HAVE_MEMORY_H 1
| #define HAVE_STRINGS_H 1
| #define HAVE_INTTYPES_H 1
| #define HAVE_STDINT_H 1
| #define HAVE_UNISTD_H 1
| #define HAVE_DLFCN_H 1
| #define LT_OBJDIR ".libs/"
| #define STDC_HEADERS 1
| #define HAVE_STDLIB_H 1
| #define HAVE_STRING_H 1
| #define HAVE_STRINGS_H 1
| #define HAVE_INTTYPES_H 1
| #define HAVE_WCHAR_H 1
| #define HAVE_SYS_TIMES_H 1
| #define HAVE_STRINGIZE 1
| /* end confdefs.h.  */
| #include <stdio.h>
| #ifdef HAVE_SYS_TYPES_H
| # include <sys/types.h>
| #endif
| #ifdef HAVE_SYS_STAT_H
| # include <sys/stat.h>
| #endif
| #ifdef STDC_HEADERS
| # include <stdlib.h>
| # include <stddef.h>
| #else
| # ifdef HAVE_STDLIB_H
| #  include <stdlib.h>
| # endif
| #endif
| #ifdef HAVE_STRING_H
| # if !defined STDC_HEADERS && defined HAVE_MEMORY_H
| #  include <memory.h>
| # endif
| # include <string.h>
| #endif
| #ifdef HAVE_STRINGS_H
| # include <strings.h>
| #endif
| #ifdef HAVE_INTTYPES_H
| # include <inttypes.h>
| #endif
| #ifdef HAVE_STDINT_H
| # include <stdint.h>
| #endif
| #ifdef HAVE_UNISTD_H
| # include <unistd.h>
| #endif
| int
| main ()
| {
| static int test_array [1 - 2 * !(((long int) (sizeof (int))) <= 1)];
| test_array [0] = 0
| 
|   ;
|   return 0;
| }
configure:12054: arm-linux-gcc -c -g -O2  conftest.c >&5
conftest.c: In function 'main':
conftest.c:66: error: size of array 'test_array' is negative
configure:12061: $? = 1
configure: failed program was:
| /* confdefs.h.  */
| #define PACKAGE_NAME "GNU FriBidi"
| #define PACKAGE_TARNAME "fribidi"
| #define PACKAGE_VERSION "0.19.2"
| #define PACKAGE_STRING "GNU FriBidi 0.19.2"
| #define PACKAGE_BUGREPORT "http://fribidi.org/bug"
| #define PACKAGE "fribidi"
| #define VERSION "0.19.2"
| #define STDC_HEADERS 1
| #define HAVE_SYS_TYPES_H 1
| #define HAVE_SYS_STAT_H 1
| #define HAVE_STDLIB_H 1
| #define HAVE_STRING_H 1
| #define HAVE_MEMORY_H 1
| #define HAVE_STRINGS_H 1
| #define HAVE_INTTYPES_H 1
| #define HAVE_STDINT_H 1
| #define HAVE_UNISTD_H 1
| #define HAVE_DLFCN_H 1
| #define LT_OBJDIR ".libs/"
| #define STDC_HEADERS 1
| #define HAVE_STDLIB_H 1
| #define HAVE_STRING_H 1
| #define HAVE_STRINGS_H 1
| #define HAVE_INTTYPES_H 1
| #define HAVE_WCHAR_H 1
| #define HAVE_SYS_TIMES_H 1
| #define HAVE_STRINGIZE 1
| /* end confdefs.h.  */
| #include <stdio.h>
| #ifdef HAVE_SYS_TYPES_H
| # include <sys/types.h>
| #endif
| #ifdef HAVE_SYS_STAT_H
| # include <sys/stat.h>
| #endif
| #ifdef STDC_HEADERS
| # include <stdlib.h>
| # include <stddef.h>
| #else
| # ifdef HAVE_STDLIB_H
| #  include <stdlib.h>
| # endif
| #endif
| #ifdef HAVE_STRING_H
| # if !defined STDC_HEADERS && defined HAVE_MEMORY_H
| #  include <memory.h>
| # endif
| # include <string.h>
| #endif
| #ifdef HAVE_STRINGS_H
| # include <strings.h>
| #endif
| #ifdef HAVE_INTTYPES_H
| # include <inttypes.h>
| #endif
| #ifdef HAVE_STDINT_H
| # include <stdint.h>
| #endif
| #ifdef HAVE_UNISTD_H
| # include <unistd.h>
| #endif
| int
| main ()
| {
| static int test_array [1 - 2 * !(((long int) (sizeof (int))) <= 3)];
| test_array [0] = 0
| 
|   ;
|   return 0;
| }
configure:12054: arm-linux-gcc -c -g -O2  conftest.c >&5
configure:12061: $? = 0
configure:12209: arm-linux-gcc -c -g -O2  conftest.c >&5
configure:12216: $? = 0
configure:12209: arm-linux-gcc -c -g -O2  conftest.c >&5
configure:12216: $? = 0
configure:12332: result: 4
configure:12348: checking size of short
configure:12378: arm-linux-gcc -c -g -O2  conftest.c >&5
configure:12385: $? = 0
configure:12415: arm-linux-gcc -c -g -O2  conftest.c >&5
conftest.c: In function 'main':
conftest.c:67: error: size of array 'test_array' is negative
configure:12422: $? = 1
configure: failed program was:
| /* confdefs.h.  */
| #define PACKAGE_NAME "GNU FriBidi"
| #define PACKAGE_TARNAME "fribidi"
| #define PACKAGE_VERSION "0.19.2"
| #define PACKAGE_STRING "GNU FriBidi 0.19.2"
| #define PACKAGE_BUGREPORT "http://fribidi.org/bug"
| #define PACKAGE "fribidi"
| #define VERSION "0.19.2"
| #define STDC_HEADERS 1
| #define HAVE_SYS_TYPES_H 1
| #define HAVE_SYS_STAT_H 1
| #define HAVE_STDLIB_H 1
| #define HAVE_STRING_H 1
| #define HAVE_MEMORY_H 1
| #define HAVE_STRINGS_H 1
| #define HAVE_INTTYPES_H 1
| #define HAVE_STDINT_H 1
| #define HAVE_UNISTD_H 1
| #define HAVE_DLFCN_H 1
| #define LT_OBJDIR ".libs/"
| #define STDC_HEADERS 1
| #define HAVE_STDLIB_H 1
| #define HAVE_STRING_H 1
| #define HAVE_STRINGS_H 1
| #define HAVE_INTTYPES_H 1
| #define HAVE_WCHAR_H 1
| #define HAVE_SYS_TIMES_H 1
| #define HAVE_STRINGIZE 1
| #define SIZEOF_INT 4
| /* end confdefs.h.  */
| #include <stdio.h>
| #ifdef HAVE_SYS_TYPES_H
| # include <sys/types.h>
| #endif
| #ifdef HAVE_SYS_STAT_H
| # include <sys/stat.h>
| #endif
| #ifdef STDC_HEADERS
| # include <stdlib.h>
| # include <stddef.h>
| #else
| # ifdef HAVE_STDLIB_H
| #  include <stdlib.h>
| # endif
| #endif
| #ifdef HAVE_STRING_H
| # if !defined STDC_HEADERS && defined HAVE_MEMORY_H
| #  include <memory.h>
| # endif
| # include <string.h>
| #endif
| #ifdef HAVE_STRINGS_H
| # include <strings.h>
| #endif
| #ifdef HAVE_INTTYPES_H
| # include <inttypes.h>
| #endif
| #ifdef HAVE_STDINT_H
| # include <stdint.h>
| #endif
| #ifdef HAVE_UNISTD_H
| # include <unistd.h>
| #endif
| int
| main ()
| {
| static int test_array [1 - 2 * !(((long int) (sizeof (short))) <= 0)];
| test_array [0] = 0
| 
|   ;
|   return 0;
| }
configure:12415: arm-linux-gcc -c -g -O2  conftest.c >&5
conftest.c: In function 'main':
conftest.c:67: error: size of array 'test_array' is negative
configure:12422: $? = 1
configure: failed program was:
| /* confdefs.h.  */
| #define PACKAGE_NAME "GNU FriBidi"
| #define PACKAGE_TARNAME "fribidi"
| #define PACKAGE_VERSION "0.19.2"
| #define PACKAGE_STRING "GNU FriBidi 0.19.2"
| #define PACKAGE_BUGREPORT "http://fribidi.org/bug"
| #define PACKAGE "fribidi"
| #define VERSION "0.19.2"
| #define STDC_HEADERS 1
| #define HAVE_SYS_TYPES_H 1
| #define HAVE_SYS_STAT_H 1
| #define HAVE_STDLIB_H 1
| #define HAVE_STRING_H 1
| #define HAVE_MEMORY_H 1
| #define HAVE_STRINGS_H 1
| #define HAVE_INTTYPES_H 1
| #define HAVE_STDINT_H 1
| #define HAVE_UNISTD_H 1
| #define HAVE_DLFCN_H 1
| #define LT_OBJDIR ".libs/"
| #define STDC_HEADERS 1
| #define HAVE_STDLIB_H 1
| #define HAVE_STRING_H 1
| #define HAVE_STRINGS_H 1
| #define HAVE_INTTYPES_H 1
| #define HAVE_WCHAR_H 1
| #define HAVE_SYS_TIMES_H 1
| #define HAVE_STRINGIZE 1
| #define SIZEOF_INT 4
| /* end confdefs.h.  */
| #include <stdio.h>
| #ifdef HAVE_SYS_TYPES_H
| # include <sys/types.h>
| #endif
| #ifdef HAVE_SYS_STAT_H
| # include <sys/stat.h>
| #endif
| #ifdef STDC_HEADERS
| # include <stdlib.h>
| # include <stddef.h>
| #else
| # ifdef HAVE_STDLIB_H
| #  include <stdlib.h>
| # endif
| #endif
| #ifdef HAVE_STRING_H
| # if !defined STDC_HEADERS && defined HAVE_MEMORY_H
| #  include <memory.h>
| # endif
| # include <string.h>
| #endif
| #ifdef HAVE_STRINGS_H
| # include <strings.h>
| #endif
| #ifdef HAVE_INTTYPES_H
| # include <inttypes.h>
| #endif
| #ifdef HAVE_STDINT_H
| # include <stdint.h>
| #endif
| #ifdef HAVE_UNISTD_H
| # include <unistd.h>
| #endif
| int
| main ()
| {
| static int test_array [1 - 2 * !(((long int) (sizeof (short))) <= 1)];
| test_array [0] = 0
| 
|   ;
|   return 0;
| }
configure:12415: arm-linux-gcc -c -g -O2  conftest.c >&5
configure:12422: $? = 0
configure:12570: arm-linux-gcc -c -g -O2  conftest.c >&5
configure:12577: $? = 0
configure:12693: result: 2
configure:12707: checking size of void *
configure:12737: arm-linux-gcc -c -g -O2  conftest.c >&5
configure:12744: $? = 0
configure:12774: arm-linux-gcc -c -g -O2  conftest.c >&5
conftest.c: In function 'main':
conftest.c:68: error: size of array 'test_array' is negative
configure:12781: $? = 1
configure: failed program was:
| /* confdefs.h.  */
| #define PACKAGE_NAME "GNU FriBidi"
| #define PACKAGE_TARNAME "fribidi"
| #define PACKAGE_VERSION "0.19.2"
| #define PACKAGE_STRING "GNU FriBidi 0.19.2"
| #define PACKAGE_BUGREPORT "http://fribidi.org/bug"
| #define PACKAGE "fribidi"
| #define VERSION "0.19.2"
| #define STDC_HEADERS 1
| #define HAVE_SYS_TYPES_H 1
| #define HAVE_SYS_STAT_H 1
| #define HAVE_STDLIB_H 1
| #define HAVE_STRING_H 1
| #define HAVE_MEMORY_H 1
| #define HAVE_STRINGS_H 1
| #define HAVE_INTTYPES_H 1
| #define HAVE_STDINT_H 1
| #define HAVE_UNISTD_H 1
| #define HAVE_DLFCN_H 1
| #define LT_OBJDIR ".libs/"
| #define STDC_HEADERS 1
| #define HAVE_STDLIB_H 1
| #define HAVE_STRING_H 1
| #define HAVE_STRINGS_H 1
| #define HAVE_INTTYPES_H 1
| #define HAVE_WCHAR_H 1
| #define HAVE_SYS_TIMES_H 1
| #define HAVE_STRINGIZE 1
| #define SIZEOF_INT 4
| #define SIZEOF_SHORT 2
| /* end confdefs.h.  */
| #include <stdio.h>
| #ifdef HAVE_SYS_TYPES_H
| # include <sys/types.h>
| #endif
| #ifdef HAVE_SYS_STAT_H
| # include <sys/stat.h>
| #endif
| #ifdef STDC_HEADERS
| # include <stdlib.h>
| # include <stddef.h>
| #else
| # ifdef HAVE_STDLIB_H
| #  include <stdlib.h>
| # endif
| #endif
| #ifdef HAVE_STRING_H
| # if !defined STDC_HEADERS && defined HAVE_MEMORY_H
| #  include <memory.h>
| # endif
| # include <string.h>
| #endif
| #ifdef HAVE_STRINGS_H
| # include <strings.h>
| #endif
| #ifdef HAVE_INTTYPES_H
| # include <inttypes.h>
| #endif
| #ifdef HAVE_STDINT_H
| # include <stdint.h>
| #endif
| #ifdef HAVE_UNISTD_H
| # include <unistd.h>
| #endif
| int
| main ()
| {
| static int test_array [1 - 2 * !(((long int) (sizeof (void *))) <= 0)];
| test_array [0] = 0
| 
|   ;
|   return 0;
| }
configure:12774: arm-linux-gcc -c -g -O2  conftest.c >&5
conftest.c: In function 'main':
conftest.c:68: error: size of array 'test_array' is negative
configure:12781: $? = 1
configure: failed program was:
| /* confdefs.h.  */
| #define PACKAGE_NAME "GNU FriBidi"
| #define PACKAGE_TARNAME "fribidi"
| #define PACKAGE_VERSION "0.19.2"
| #define PACKAGE_STRING "GNU FriBidi 0.19.2"
| #define PACKAGE_BUGREPORT "http://fribidi.org/bug"
| #define PACKAGE "fribidi"
| #define VERSION "0.19.2"
| #define STDC_HEADERS 1
| #define HAVE_SYS_TYPES_H 1
| #define HAVE_SYS_STAT_H 1
| #define HAVE_STDLIB_H 1
| #define HAVE_STRING_H 1
| #define HAVE_MEMORY_H 1
| #define HAVE_STRINGS_H 1
| #define HAVE_INTTYPES_H 1
| #define HAVE_STDINT_H 1
| #define HAVE_UNISTD_H 1
| #define HAVE_DLFCN_H 1
| #define LT_OBJDIR ".libs/"
| #define STDC_HEADERS 1
| #define HAVE_STDLIB_H 1
| #define HAVE_STRING_H 1
| #define HAVE_STRINGS_H 1
| #define HAVE_INTTYPES_H 1
| #define HAVE_WCHAR_H 1
| #define HAVE_SYS_TIMES_H 1
| #define HAVE_STRINGIZE 1
| #define SIZEOF_INT 4
| #define SIZEOF_SHORT 2
| /* end confdefs.h.  */
| #include <stdio.h>
| #ifdef HAVE_SYS_TYPES_H
| # include <sys/types.h>
| #endif
| #ifdef HAVE_SYS_STAT_H
| # include <sys/stat.h>
| #endif
| #ifdef STDC_HEADERS
| # include <stdlib.h>
| # include <stddef.h>
| #else
| # ifdef HAVE_STDLIB_H
| #  include <stdlib.h>
| # endif
| #endif
| #ifdef HAVE_STRING_H
| # if !defined STDC_HEADERS && defined HAVE_MEMORY_H
| #  include <memory.h>
| # endif
| # include <string.h>
| #endif
| #ifdef HAVE_STRINGS_H
| # include <strings.h>
| #endif
| #ifdef HAVE_INTTYPES_H
| # include <inttypes.h>
| #endif
| #ifdef HAVE_STDINT_H
| # include <stdint.h>
| #endif
| #ifdef HAVE_UNISTD_H
| # include <unistd.h>
| #endif
| int
| main ()
| {
| static int test_array [1 - 2 * !(((long int) (sizeof (void *))) <= 1)];
| test_array [0] = 0
| 
|   ;
|   return 0;
| }
configure:12774: arm-linux-gcc -c -g -O2  conftest.c >&5
conftest.c: In function 'main':
conftest.c:68: error: size of array 'test_array' is negative
configure:12781: $? = 1
configure: failed program was:
| /* confdefs.h.  */
| #define PACKAGE_NAME "GNU FriBidi"
| #define PACKAGE_TARNAME "fribidi"
| #define PACKAGE_VERSION "0.19.2"
| #define PACKAGE_STRING "GNU FriBidi 0.19.2"
| #define PACKAGE_BUGREPORT "http://fribidi.org/bug"
| #define PACKAGE "fribidi"
| #define VERSION "0.19.2"
| #define STDC_HEADERS 1
| #define HAVE_SYS_TYPES_H 1
| #define HAVE_SYS_STAT_H 1
| #define HAVE_STDLIB_H 1
| #define HAVE_STRING_H 1
| #define HAVE_MEMORY_H 1
| #define HAVE_STRINGS_H 1
| #define HAVE_INTTYPES_H 1
| #define HAVE_STDINT_H 1
| #define HAVE_UNISTD_H 1
| #define HAVE_DLFCN_H 1
| #define LT_OBJDIR ".libs/"
| #define STDC_HEADERS 1
| #define HAVE_STDLIB_H 1
| #define HAVE_STRING_H 1
| #define HAVE_STRINGS_H 1
| #define HAVE_INTTYPES_H 1
| #define HAVE_WCHAR_H 1
| #define HAVE_SYS_TIMES_H 1
| #define HAVE_STRINGIZE 1
| #define SIZEOF_INT 4
| #define SIZEOF_SHORT 2
| /* end confdefs.h.  */
| #include <stdio.h>
| #ifdef HAVE_SYS_TYPES_H
| # include <sys/types.h>
| #endif
| #ifdef HAVE_SYS_STAT_H
| # include <sys/stat.h>
| #endif
| #ifdef STDC_HEADERS
| # include <stdlib.h>
| # include <stddef.h>
| #else
| # ifdef HAVE_STDLIB_H
| #  include <stdlib.h>
| # endif
| #endif
| #ifdef HAVE_STRING_H
| # if !defined STDC_HEADERS && defined HAVE_MEMORY_H
| #  include <memory.h>
| # endif
| # include <string.h>
| #endif
| #ifdef HAVE_STRINGS_H
| # include <strings.h>
| #endif
| #ifdef HAVE_INTTYPES_H
| # include <inttypes.h>
| #endif
| #ifdef HAVE_STDINT_H
| # include <stdint.h>
| #endif
| #ifdef HAVE_UNISTD_H
| # include <unistd.h>
| #endif
| int
| main ()
| {
| static int test_array [1 - 2 * !(((long int) (sizeof (void *))) <= 3)];
| test_array [0] = 0
| 
|   ;
|   return 0;
| }
configure:12774: arm-linux-gcc -c -g -O2  conftest.c >&5
configure:12781: $? = 0
configure:12929: arm-linux-gcc -c -g -O2  conftest.c >&5
configure:12936: $? = 0
configure:12929: arm-linux-gcc -c -g -O2  conftest.c >&5
configure:12936: $? = 0
configure:13052: result: 4
configure:13066: checking size of wchar_t
configure:13096: arm-linux-gcc -c -g -O2  conftest.c >&5
configure:13103: $? = 0
configure:13133: arm-linux-gcc -c -g -O2  conftest.c >&5
conftest.c: In function 'main':
conftest.c:69: error: size of array 'test_array' is negative
configure:13140: $? = 1
configure: failed program was:
| /* confdefs.h.  */
| #define PACKAGE_NAME "GNU FriBidi"
| #define PACKAGE_TARNAME "fribidi"
| #define PACKAGE_VERSION "0.19.2"
| #define PACKAGE_STRING "GNU FriBidi 0.19.2"
| #define PACKAGE_BUGREPORT "http://fribidi.org/bug"
| #define PACKAGE "fribidi"
| #define VERSION "0.19.2"
| #define STDC_HEADERS 1
| #define HAVE_SYS_TYPES_H 1
| #define HAVE_SYS_STAT_H 1
| #define HAVE_STDLIB_H 1
| #define HAVE_STRING_H 1
| #define HAVE_MEMORY_H 1
| #define HAVE_STRINGS_H 1
| #define HAVE_INTTYPES_H 1
| #define HAVE_STDINT_H 1
| #define HAVE_UNISTD_H 1
| #define HAVE_DLFCN_H 1
| #define LT_OBJDIR ".libs/"
| #define STDC_HEADERS 1
| #define HAVE_STDLIB_H 1
| #define HAVE_STRING_H 1
| #define HAVE_STRINGS_H 1
| #define HAVE_INTTYPES_H 1
| #define HAVE_WCHAR_H 1
| #define HAVE_SYS_TIMES_H 1
| #define HAVE_STRINGIZE 1
| #define SIZEOF_INT 4
| #define SIZEOF_SHORT 2
| #define SIZEOF_VOID_P 4
| /* end confdefs.h.  */
| #include <stdio.h>
| #ifdef HAVE_SYS_TYPES_H
| # include <sys/types.h>
| #endif
| #ifdef HAVE_SYS_STAT_H
| # include <sys/stat.h>
| #endif
| #ifdef STDC_HEADERS
| # include <stdlib.h>
| # include <stddef.h>
| #else
| # ifdef HAVE_STDLIB_H
| #  include <stdlib.h>
| # endif
| #endif
| #ifdef HAVE_STRING_H
| # if !defined STDC_HEADERS && defined HAVE_MEMORY_H
| #  include <memory.h>
| # endif
| # include <string.h>
| #endif
| #ifdef HAVE_STRINGS_H
| # include <strings.h>
| #endif
| #ifdef HAVE_INTTYPES_H
| # include <inttypes.h>
| #endif
| #ifdef HAVE_STDINT_H
| # include <stdint.h>
| #endif
| #ifdef HAVE_UNISTD_H
| # include <unistd.h>
| #endif
| int
| main ()
| {
| static int test_array [1 - 2 * !(((long int) (sizeof (wchar_t))) <= 0)];
| test_array [0] = 0
| 
|   ;
|   return 0;
| }
configure:13133: arm-linux-gcc -c -g -O2  conftest.c >&5
conftest.c: In function 'main':
conftest.c:69: error: size of array 'test_array' is negative
configure:13140: $? = 1
configure: failed program was:
| /* confdefs.h.  */
| #define PACKAGE_NAME "GNU FriBidi"
| #define PACKAGE_TARNAME "fribidi"
| #define PACKAGE_VERSION "0.19.2"
| #define PACKAGE_STRING "GNU FriBidi 0.19.2"
| #define PACKAGE_BUGREPORT "http://fribidi.org/bug"
| #define PACKAGE "fribidi"
| #define VERSION "0.19.2"
| #define STDC_HEADERS 1
| #define HAVE_SYS_TYPES_H 1
| #define HAVE_SYS_STAT_H 1
| #define HAVE_STDLIB_H 1
| #define HAVE_STRING_H 1
| #define HAVE_MEMORY_H 1
| #define HAVE_STRINGS_H 1
| #define HAVE_INTTYPES_H 1
| #define HAVE_STDINT_H 1
| #define HAVE_UNISTD_H 1
| #define HAVE_DLFCN_H 1
| #define LT_OBJDIR ".libs/"
| #define STDC_HEADERS 1
| #define HAVE_STDLIB_H 1
| #define HAVE_STRING_H 1
| #define HAVE_STRINGS_H 1
| #define HAVE_INTTYPES_H 1
| #define HAVE_WCHAR_H 1
| #define HAVE_SYS_TIMES_H 1
| #define HAVE_STRINGIZE 1
| #define SIZEOF_INT 4
| #define SIZEOF_SHORT 2
| #define SIZEOF_VOID_P 4
| /* end confdefs.h.  */
| #include <stdio.h>
| #ifdef HAVE_SYS_TYPES_H
| # include <sys/types.h>
| #endif
| #ifdef HAVE_SYS_STAT_H
| # include <sys/stat.h>
| #endif
| #ifdef STDC_HEADERS
| # include <stdlib.h>
| # include <stddef.h>
| #else
| # ifdef HAVE_STDLIB_H
| #  include <stdlib.h>
| # endif
| #endif
| #ifdef HAVE_STRING_H
| # if !defined STDC_HEADERS && defined HAVE_MEMORY_H
| #  include <memory.h>
| # endif
| # include <string.h>
| #endif
| #ifdef HAVE_STRINGS_H
| # include <strings.h>
| #endif
| #ifdef HAVE_INTTYPES_H
| # include <inttypes.h>
| #endif
| #ifdef HAVE_STDINT_H
| # include <stdint.h>
| #endif
| #ifdef HAVE_UNISTD_H
| # include <unistd.h>
| #endif
| int
| main ()
| {
| static int test_array [1 - 2 * !(((long int) (sizeof (wchar_t))) <= 1)];
| test_array [0] = 0
| 
|   ;
|   return 0;
| }
configure:13133: arm-linux-gcc -c -g -O2  conftest.c >&5
conftest.c: In function 'main':
conftest.c:69: error: size of array 'test_array' is negative
configure:13140: $? = 1
configure: failed program was:
| /* confdefs.h.  */
| #define PACKAGE_NAME "GNU FriBidi"
| #define PACKAGE_TARNAME "fribidi"
| #define PACKAGE_VERSION "0.19.2"
| #define PACKAGE_STRING "GNU FriBidi 0.19.2"
| #define PACKAGE_BUGREPORT "http://fribidi.org/bug"
| #define PACKAGE "fribidi"
| #define VERSION "0.19.2"
| #define STDC_HEADERS 1
| #define HAVE_SYS_TYPES_H 1
| #define HAVE_SYS_STAT_H 1
| #define HAVE_STDLIB_H 1
| #define HAVE_STRING_H 1
| #define HAVE_MEMORY_H 1
| #define HAVE_STRINGS_H 1
| #define HAVE_INTTYPES_H 1
| #define HAVE_STDINT_H 1
| #define HAVE_UNISTD_H 1
| #define HAVE_DLFCN_H 1
| #define LT_OBJDIR ".libs/"
| #define STDC_HEADERS 1
| #define HAVE_STDLIB_H 1
| #define HAVE_STRING_H 1
| #define HAVE_STRINGS_H 1
| #define HAVE_INTTYPES_H 1
| #define HAVE_WCHAR_H 1
| #define HAVE_SYS_TIMES_H 1
| #define HAVE_STRINGIZE 1
| #define SIZEOF_INT 4
| #define SIZEOF_SHORT 2
| #define SIZEOF_VOID_P 4
| /* end confdefs.h.  */
| #include <stdio.h>
| #ifdef HAVE_SYS_TYPES_H
| # include <sys/types.h>
| #endif
| #ifdef HAVE_SYS_STAT_H
| # include <sys/stat.h>
| #endif
| #ifdef STDC_HEADERS
| # include <stdlib.h>
| # include <stddef.h>
| #else
| # ifdef HAVE_STDLIB_H
| #  include <stdlib.h>
| # endif
| #endif
| #ifdef HAVE_STRING_H
| # if !defined STDC_HEADERS && defined HAVE_MEMORY_H
| #  include <memory.h>
| # endif
| # include <string.h>
| #endif
| #ifdef HAVE_STRINGS_H
| # include <strings.h>
| #endif
| #ifdef HAVE_INTTYPES_H
| # include <inttypes.h>
| #endif
| #ifdef HAVE_STDINT_H
| # include <stdint.h>
| #endif
| #ifdef HAVE_UNISTD_H
| # include <unistd.h>
| #endif
| int
| main ()
| {
| static int test_array [1 - 2 * !(((long int) (sizeof (wchar_t))) <= 3)];
| test_array [0] = 0
| 
|   ;
|   return 0;
| }
configure:13133: arm-linux-gcc -c -g -O2  conftest.c >&5
configure:13140: $? = 0
configure:13288: arm-linux-gcc -c -g -O2  conftest.c >&5
configure:13295: $? = 0
configure:13288: arm-linux-gcc -c -g -O2  conftest.c >&5
configure:13295: $? = 0
configure:13411: result: 4
configure:13434: checking for memmove
configure:13490: arm-linux-gcc -o conftest -g -O2 -Wall -ansi    conftest.c  >&5
conftest.c:57: warning: conflicting types for built-in function 'memmove'
configure:13497: $? = 0
configure:13519: result: yes
configure:13434: checking for memset
configure:13490: arm-linux-gcc -o conftest -g -O2 -Wall -ansi    conftest.c  >&5
conftest.c:58: warning: conflicting types for built-in function 'memset'
configure:13497: $? = 0
configure:13519: result: yes
configure:13434: checking for strdup
configure:13490: arm-linux-gcc -o conftest -g -O2 -Wall -ansi    conftest.c  >&5
configure:13497: $? = 0
configure:13519: result: yes
configure:13531: checking return type of signal handlers
configure:13559: arm-linux-gcc -c -g -O2 -Wall -ansi   conftest.c >&5
conftest.c: In function 'main':
conftest.c:43: error: void value not ignored as it ought to be
configure:13566: $? = 1
configure: failed program was:
| /* confdefs.h.  */
| #define PACKAGE_NAME "GNU FriBidi"
| #define PACKAGE_TARNAME "fribidi"
| #define PACKAGE_VERSION "0.19.2"
| #define PACKAGE_STRING "GNU FriBidi 0.19.2"
| #define PACKAGE_BUGREPORT "http://fribidi.org/bug"
| #define PACKAGE "fribidi"
| #define VERSION "0.19.2"
| #define STDC_HEADERS 1
| #define HAVE_SYS_TYPES_H 1
| #define HAVE_SYS_STAT_H 1
| #define HAVE_STDLIB_H 1
| #define HAVE_STRING_H 1
| #define HAVE_MEMORY_H 1
| #define HAVE_STRINGS_H 1
| #define HAVE_INTTYPES_H 1
| #define HAVE_STDINT_H 1
| #define HAVE_UNISTD_H 1
| #define HAVE_DLFCN_H 1
| #define LT_OBJDIR ".libs/"
| #define STDC_HEADERS 1
| #define HAVE_STDLIB_H 1
| #define HAVE_STRING_H 1
| #define HAVE_STRINGS_H 1
| #define HAVE_INTTYPES_H 1
| #define HAVE_WCHAR_H 1
| #define HAVE_SYS_TIMES_H 1
| #define HAVE_STRINGIZE 1
| #define SIZEOF_INT 4
| #define SIZEOF_SHORT 2
| #define SIZEOF_VOID_P 4
| #define SIZEOF_WCHAR_T 4
| #define HAVE_MEMMOVE 1
| #define HAVE_MEMSET 1
| #define HAVE_STRDUP 1
| /* end confdefs.h.  */
| #include <sys/types.h>
| #include <signal.h>
| 
| int
| main ()
| {
| return *(signal (0, 0)) (0) == 1;
|   ;
|   return 0;
| }
configure:13581: result: void
configure:14136: creating ./config.status

## ---------------------- ##
## Running config.status. ##
## ---------------------- ##

This file was extended by GNU FriBidi config.status 0.19.2, which was
generated by GNU Autoconf 2.63.  Invocation command line was

  CONFIG_FILES    = 
  CONFIG_HEADERS  = 
  CONFIG_LINKS    = 
  CONFIG_COMMANDS = 
  $ ./config.status 

on r3lnx02

config.status:1037: creating fribidi.pc
config.status:1037: creating lib/fribidi-config.h
config.status:1037: creating Makefile
config.status:1037: creating charset/Makefile
config.status:1037: creating gen.tab/Makefile
config.status:1037: creating lib/Makefile
config.status:1037: creating bin/Makefile
config.status:1037: creating doc/Makefile
config.status:1037: creating test/Makefile
config.status:1037: creating config.h
config.status:1259: config.h is unchanged
config.status:1311: executing depfiles commands
config.status:1311: executing libtool commands

## ---------------- ##
## Cache variables. ##
## ---------------- ##

ac_cv_build=x86_64-unknown-linux-gnu
ac_cv_c_compiler_gnu=yes
ac_cv_c_const=yes
ac_cv_c_stringize=yes
ac_cv_env_CC_set=set
ac_cv_env_CC_value=arm-linux-gcc
ac_cv_env_CFLAGS_set=
ac_cv_env_CFLAGS_value=
ac_cv_env_CPPFLAGS_set=
ac_cv_env_CPPFLAGS_value=
ac_cv_env_CPP_set=
ac_cv_env_CPP_value=
ac_cv_env_GLIB_CFLAGS_set=
ac_cv_env_GLIB_CFLAGS_value=
ac_cv_env_GLIB_LIBS_set=
ac_cv_env_GLIB_LIBS_value=
ac_cv_env_LDFLAGS_set=
ac_cv_env_LDFLAGS_value=
ac_cv_env_LIBS_set=
ac_cv_env_LIBS_value=
ac_cv_env_PKG_CONFIG_set=
ac_cv_env_PKG_CONFIG_value=
ac_cv_env_build_alias_set=
ac_cv_env_build_alias_value=
ac_cv_env_host_alias_set=set
ac_cv_env_host_alias_value=i686-linux
ac_cv_env_target_alias_set=set
ac_cv_env_target_alias_value=arm-linux
ac_cv_func_memmove=yes
ac_cv_func_memset=yes
ac_cv_func_strdup=yes
ac_cv_header_asm_page_h=no
ac_cv_header_dlfcn_h=yes
ac_cv_header_inttypes_h=yes
ac_cv_header_memory_h=yes
ac_cv_header_stdc=yes
ac_cv_header_stdint_h=yes
ac_cv_header_stdlib_h=yes
ac_cv_header_string_h=yes
ac_cv_header_strings_h=yes
ac_cv_header_sys_stat_h=yes
ac_cv_header_sys_times_h=yes
ac_cv_header_sys_types_h=yes
ac_cv_header_unistd_h=yes
ac_cv_header_wchar_h=yes
ac_cv_host=i686-pc-linux-gnu
ac_cv_objext=o
ac_cv_path_EGREP='/bin/grep -E'
ac_cv_path_FGREP='/bin/grep -F'
ac_cv_path_GREP=/bin/grep
ac_cv_path_SED=/bin/sed
ac_cv_path_install='/usr/bin/install -c'
ac_cv_path_mkdir=/bin/mkdir
ac_cv_prog_AR=arm-linux-ar
ac_cv_prog_AWK=mawk
ac_cv_prog_CC=arm-linux-gcc
ac_cv_prog_CPP='arm-linux-gcc -E'
ac_cv_prog_OBJDUMP=objdump
ac_cv_prog_RANLIB=arm-linux-ranlib
ac_cv_prog_STRIP=strip
ac_cv_prog_ac_ct_STRIP=strip
ac_cv_prog_cc_c89=
ac_cv_prog_cc_g=yes
ac_cv_prog_make_make_set=yes
ac_cv_sizeof_int=4
ac_cv_sizeof_short=2
ac_cv_sizeof_void_p=4
ac_cv_sizeof_wchar_t=4
ac_cv_type_signal=void
am_cv_CC_dependencies_compiler_type=gcc3
lt_cv_deplibs_check_method=pass_all
lt_cv_file_magic_cmd='$MAGIC_CMD'
lt_cv_file_magic_test_file=
lt_cv_ld_reload_flag=-r
lt_cv_nm_interface='BSD nm'
lt_cv_objdir=.libs
lt_cv_path_LD=arm-linux-ld
lt_cv_path_NM=arm-linux-nm
lt_cv_prog_compiler_c_o=yes
lt_cv_prog_compiler_pic_works=yes
lt_cv_prog_compiler_rtti_exceptions=no
lt_cv_prog_compiler_static_works=yes
lt_cv_prog_gnu_ld=yes
lt_cv_sys_global_symbol_pipe='sed -n -e '\''s/^.*[	 ]\([ABCDGIRSTW][ABCDGIRSTW]*\)[	 ][	 ]*\([_A-Za-z][_A-Za-z0-9]*\)$/\1 \2 \2/p'\'''
lt_cv_sys_global_symbol_to_c_name_address='sed -n -e '\''s/^: \([^ ]*\) $/  {\"\1\", (void *) 0},/p'\'' -e '\''s/^[ABCDGIRSTW]* \([^ ]*\) \([^ ]*\)$/  {"\2", (void *) \&\2},/p'\'''
lt_cv_sys_global_symbol_to_c_name_address_lib_prefix='sed -n -e '\''s/^: \([^ ]*\) $/  {\"\1\", (void *) 0},/p'\'' -e '\''s/^[ABCDGIRSTW]* \([^ ]*\) \(lib[^ ]*\)$/  {"\2", (void *) \&\2},/p'\'' -e '\''s/^[ABCDGIRSTW]* \([^ ]*\) \([^ ]*\)$/  {"lib\2", (void *) \&\2},/p'\'''
lt_cv_sys_global_symbol_to_cdecl='sed -n -e '\''s/^T .* \(.*\)$/extern int \1();/p'\'' -e '\''s/^[ABCDGIRSTW]* .* \(.*\)$/extern char \1;/p'\'''
lt_cv_sys_max_cmd_len=1572864

## ----------------- ##
## Output variables. ##
## ----------------- ##

ACLOCAL='${SHELL} /home/robertluo/20101004/mplayer/branches/dev_r813_20101228_1100.newTS/libfribidi-0.19.2/missing --run aclocal-1.10'
AMDEPBACKSLASH='\'
AMDEP_FALSE='#'
AMDEP_TRUE=''
AMTAR='${SHELL} /home/robertluo/20101004/mplayer/branches/dev_r813_20101228_1100.newTS/libfribidi-0.19.2/missing --run tar'
AR='arm-linux-ar'
AS='arm-linux-as'
AUTOCONF='${SHELL} /home/robertluo/20101004/mplayer/branches/dev_r813_20101228_1100.newTS/libfribidi-0.19.2/missing --run autoconf'
AUTOHEADER='${SHELL} /home/robertluo/20101004/mplayer/branches/dev_r813_20101228_1100.newTS/libfribidi-0.19.2/missing --run autoheader'
AUTOMAKE='${SHELL} /home/robertluo/20101004/mplayer/branches/dev_r813_20101228_1100.newTS/libfribidi-0.19.2/missing --run automake-1.10'
AWK='mawk'
CC='arm-linux-gcc'
CCDEPMODE='depmode=gcc3'
CFLAGS='-g -O2 -Wall -ansi '
CPP='arm-linux-gcc -E'
CPPFLAGS=''
CYGPATH_W='echo'
DEFS='-DHAVE_CONFIG_H'
DEPDIR='.deps'
DLLTOOL='dlltool'
DSYMUTIL=''
DUMPBIN=''
ECHO_C=''
ECHO_N='-n'
ECHO_T=''
EGREP='/bin/grep -E'
EXEEXT=''
FGREP='/bin/grep -F'
FRIBIDI_BINARY_AGE='3'
FRIBIDI_CHARSETS='1'
FRIBIDI_CHARSETS_FALSE='#'
FRIBIDI_CHARSETS_TRUE=''
FRIBIDI_INTERFACE_AGE='1'
FRIBIDI_INTERFACE_VERSION='3'
FRIBIDI_MAJOR_VERSION='0'
FRIBIDI_MICRO_VERSION='2'
FRIBIDI_MINOR_VERSION='19'
FRIBIDI_NO_DEPRECATED='0'
FRIBIDI_USE_GLIB='0'
FRIBIDI_USE_GLIB_FALSE=''
FRIBIDI_USE_GLIB_TRUE='#'
FRIBIDI_VERSION='0.19.2'
GLIB_CFLAGS=''
GLIB_LIBS=''
GREP='/bin/grep'
INSTALL_DATA='${INSTALL} -m 644'
INSTALL_PROGRAM='${INSTALL}'
INSTALL_SCRIPT='${INSTALL}'
INSTALL_STRIP_PROGRAM='$(install_sh) -c -s'
LD='arm-linux-ld'
LDFLAGS=''
LIBOBJS=''
LIBS=''
LIBTOOL='$(SHELL) $(top_builddir)/libtool'
LIPO=''
LN_S='ln -s'
LTLIBOBJS=''
LT_CURRENT_MINUS_AGE='0'
LT_VERSION_INFO='3:1:3'
MAKEINFO='${SHELL} /home/robertluo/20101004/mplayer/branches/dev_r813_20101228_1100.newTS/libfribidi-0.19.2/missing --run makeinfo'
MISC_CFLAGS=''
MISC_LIBS=''
MISC_PACKAGES=''
MKDIR_P='/bin/mkdir -p'
NM='arm-linux-nm'
NMEDIT=''
OBJDUMP='objdump'
OBJEXT='o'
OS_WIN32_FALSE=''
OS_WIN32_TRUE='#'
OTOOL64=''
OTOOL=''
PACKAGE='fribidi'
PACKAGE_BUGREPORT='http://fribidi.org/bug'
PACKAGE_NAME='GNU FriBidi'
PACKAGE_STRING='GNU FriBidi 0.19.2'
PACKAGE_TARNAME='fribidi'
PACKAGE_VERSION='0.19.2'
PATH_SEPARATOR=':'
PKG_CONFIG=''
PLATFORM_WIN32_FALSE=''
PLATFORM_WIN32_TRUE='#'
RANLIB='arm-linux-ranlib'
SED='/bin/sed'
SET_MAKE=''
SHELL='/bin/sh'
SIZEOF_INT='4'
STRIP='strip'
VERSION='0.19.2'
ac_ct_CC=''
ac_ct_DUMPBIN=''
am__fastdepCC_FALSE='#'
am__fastdepCC_TRUE=''
am__include='include'
am__isrc=''
am__leading_dot='.'
am__quote=''
am__tar='${AMTAR} chof - "$$tardir"'
am__untar='${AMTAR} xf -'
bindir='${exec_prefix}/bin'
build='x86_64-unknown-linux-gnu'
build_alias=''
build_cpu='x86_64'
build_os='linux-gnu'
build_vendor='unknown'
datadir='${datarootdir}'
datarootdir='${prefix}/share'
docdir='${datarootdir}/doc/${PACKAGE_TARNAME}'
dvidir='${docdir}'
exec_prefix='${prefix}'
host='i686-pc-linux-gnu'
host_alias='i686-linux'
host_cpu='i686'
host_os='linux-gnu'
host_vendor='pc'
htmldir='${docdir}'
includedir='${prefix}/include'
infodir='${datarootdir}/info'
install_sh='$(SHELL) /home/robertluo/20101004/mplayer/branches/dev_r813_20101228_1100.newTS/libfribidi-0.19.2/install-sh'
libdir='${exec_prefix}/lib'
libexecdir='${exec_prefix}/libexec'
localedir='${datarootdir}/locale'
localstatedir='${prefix}/var'
lt_ECHO='echo'
mandir='${datarootdir}/man'
mkdir_p='/bin/mkdir -p'
oldincludedir='/usr/include'
pdfdir='${docdir}'
prefix='/home/robertluo/20101004/mplayer/branches/dev_r813_20101228_1100.newTS/libfribidi-0.19.2/pre_install'
program_transform_name='s,x,x,'
psdir='${docdir}'
sbindir='${exec_prefix}/sbin'
sharedstatedir='${prefix}/com'
sysconfdir='${prefix}/etc'
target_alias='arm-linux'

## ----------- ##
## confdefs.h. ##
## ----------- ##

#define PACKAGE_NAME "GNU FriBidi"
#define PACKAGE_TARNAME "fribidi"
#define PACKAGE_VERSION "0.19.2"
#define PACKAGE_STRING "GNU FriBidi 0.19.2"
#define PACKAGE_BUGREPORT "http://fribidi.org/bug"
#define PACKAGE "fribidi"
#define VERSION "0.19.2"
#define STDC_HEADERS 1
#define HAVE_SYS_TYPES_H 1
#define HAVE_SYS_STAT_H 1
#define HAVE_STDLIB_H 1
#define HAVE_STRING_H 1
#define HAVE_MEMORY_H 1
#define HAVE_STRINGS_H 1
#define HAVE_INTTYPES_H 1
#define HAVE_STDINT_H 1
#define HAVE_UNISTD_H 1
#define HAVE_DLFCN_H 1
#define LT_OBJDIR ".libs/"
#define STDC_HEADERS 1
#define HAVE_STDLIB_H 1
#define HAVE_STRING_H 1
#define HAVE_STRINGS_H 1
#define HAVE_INTTYPES_H 1
#define HAVE_WCHAR_H 1
#define HAVE_SYS_TIMES_H 1
#define HAVE_STRINGIZE 1
#define SIZEOF_INT 4
#define SIZEOF_SHORT 2
#define SIZEOF_VOID_P 4
#define SIZEOF_WCHAR_T 4
#define HAVE_MEMMOVE 1
#define HAVE_MEMSET 1
#define HAVE_STRDUP 1
#define RETSIGTYPE void
#define DEBUG 1

configure: exit 0
